d:\fegold\gravitypong\gravitypong\x64\debug\vc142.pdb
d:\fegold\gravitypong\gravitypong\x64\debug\vc142.idb
d:\fegold\gravitypong\gravitypong\x64\debug\gravitypong.obj
d:\fegold\gravitypong\gravitypong\x64\debug\cvector2.obj
d:\fegold\gravitypong\gravitypong\x64\debug\cplayer.obj
d:\fegold\gravitypong\gravitypong\x64\debug\cball.obj
e:\gravitypong\gravitypong\x64\debug\vc142.pdb
e:\gravitypong\gravitypong\x64\debug\vc142.idb
e:\gravitypong\gravitypong\x64\debug\gravitypong.obj
e:\gravitypong\gravitypong\x64\debug\cvector2.obj
e:\gravitypong\gravitypong\x64\debug\cplayer.obj
e:\gravitypong\gravitypong\x64\debug\cball.obj
d:\fegold\gravitypong\gravitypong\x64\debug\gravitypong.exe
d:\fegold\gravitypong\gravitypong\x64\debug\gravitypong.ilk
d:\fegold\gravitypong\gravitypong\x64\debug\gravitypong.pdb
e:\gravitypong\gravitypong\x64\debug\gravitypong.obj.enc
e:\gravitypong\gravitypong\x64\debug\gravitypong.pdb
e:\gravitypong\gravitypong\x64\debug\gravitypong.tlog\cl.command.1.tlog
e:\gravitypong\gravitypong\x64\debug\gravitypong.tlog\cl.read.1.tlog
e:\gravitypong\gravitypong\x64\debug\gravitypong.tlog\cl.write.1.tlog
e:\gravitypong\gravitypong\x64\debug\gravitypong.tlog\link.command.1.tlog
e:\gravitypong\gravitypong\x64\debug\gravitypong.tlog\link.read.1.tlog
e:\gravitypong\gravitypong\x64\debug\gravitypong.tlog\link.write.1.tlog
